<?xml version="1.0" encoding="UTF-8"?>
<testsuite name="org.bitbucket.amedeo.firebaseHelper.CreationTest" tests="2" skipped="0" failures="0" errors="0" timestamp="2017-12-04T00:53:32" hostname="Stefanos-MacBook-Pro.local" time="37.583">
  <properties/>
  <testcase name="select_shouldReturnJson" classname="org.bitbucket.amedeo.firebaseHelper.CreationTest" time="22.515"/>
  <testcase name="insert_shouldReturnJsonInserted" classname="org.bitbucket.amedeo.firebaseHelper.CreationTest" time="15.067"/>
  <system-out><![CDATA[]]></system-out>
  <system-err><![CDATA[]]></system-err>
</testsuite>
